<?xml version="1.0" encoding="UTF-8"?>
<!-- Generated by org.testng.reporters.JUnitReportReporter -->
<testsuite hostname="DESKTOP-OFA3VR4" failures="0" tests="1" name="com.tests.LoginTest" time="25.267" errors="0" timestamp="2025-10-23T11:13:19 IST" skipped="0">
  <testcase classname="com.tests.LoginTest" name="testSuccessfulLogin" time="25.267"/>
</testsuite> <!-- com.tests.LoginTest -->
